<?xml version="1.0" encoding="UTF-8"?>
<testsuite xmlns:xsi="http://www.w3.org/2001/XMLSchema-instance" xsi:noNamespaceSchemaLocation="https://maven.apache.org/surefire/maven-surefire-plugin/xsd/surefire-test-report.xsd" name="com.mycompany.app.AppTest" time="0.112" tests="7" errors="0" skipped="0" failures="0">
  <properties>
[...]
</properties>
  <testcase name="multiply_FourTimesTwo_ReturnsEight" classname="com.mycompany.app.AppTest" time="0.006"/>
  <testcase name="divide_TenDividedTwo_ReturnsFive" classname="com.mycompany.app.AppTest" time="0"/>
  <testcase name="shouldAnswerWithTrue" classname="com.mycompany.app.AppTest" time="0.001"/>
  <testcase name="racine_OfFour_ReturnsTwo" classname="com.mycompany.app.AppTest" time="0"/>
  <testcase name="add_TwoPlusTwo_ReturnsFour" classname="com.mycompany.app.AppTest" time="0.005"/>
  <testcase name="divide_TenDividedZero_ReturnsThrow" classname="com.mycompany.app.AppTest" time="0.002"/>
  <testcase name="soustraction_TenSoustractByTwo_ReturnsEight" classname="com.mycompany.app.AppTest" time="0"/>
</testsuite>